TN:
SF:src/services/auth.service.ts
FN:39,(anonymous_1)
FN:99,(anonymous_2)
FN:151,(anonymous_3)
FN:170,(anonymous_4)
FN:207,(anonymous_5)
FN:230,(anonymous_6)
FNF:6
FNH:2
FNDA:2,(anonymous_1)
FNDA:3,(anonymous_2)
FNDA:0,(anonymous_3)
FNDA:0,(anonymous_4)
FNDA:0,(anonymous_5)
FNDA:0,(anonymous_6)
DA:1,1
DA:2,1
DA:3,1
DA:4,1
DA:6,1
DA:8,1
DA:33,1
DA:40,2
DA:43,2
DA:47,2
DA:48,0
DA:49,0
DA:53,2
DA:54,0
DA:58,2
DA:61,2
DA:71,2
DA:78,2
DA:86,2
DA:88,2
DA:100,3
DA:103,3
DA:107,3
DA:108,1
DA:109,1
DA:113,2
DA:115,2
DA:116,1
DA:120,1
DA:123,1
DA:130,1
DA:138,1
DA:140,1
DA:152,0
DA:156,0
DA:157,0
DA:158,0
DA:161,0
DA:162,0
DA:171,0
DA:174,0
DA:178,0
DA:179,0
DA:180,0
DA:184,0
DA:192,0
DA:197,0
DA:198,0
DA:208,0
DA:212,0
DA:213,0
DA:217,0
DA:218,0
DA:222,0
DA:231,0
DA:236,1
LF:56
LH:31
BRDA:47,0,0,0
BRDA:53,1,0,0
BRDA:107,2,0,1
BRDA:115,3,0,1
BRDA:156,4,0,0
BRDA:178,5,0,0
BRDA:187,6,0,0
BRDA:187,6,1,0
BRDA:188,7,0,0
BRDA:188,7,1,0
BRDA:212,8,0,0
BRDA:217,9,0,0
BRF:12
BRH:2
end_of_record
TN:
SF:src/services/jwt.service.ts
FN:19,(anonymous_1)
FN:34,(anonymous_2)
FN:66,(anonymous_3)
FN:96,(anonymous_4)
FNF:4
FNH:4
FNDA:24,(anonymous_1)
FNDA:22,(anonymous_2)
FNDA:14,(anonymous_3)
FNDA:3,(anonymous_4)
DA:1,2
DA:2,2
DA:15,2
DA:17,24
DA:20,24
DA:22,24
DA:23,1
DA:24,1
DA:35,22
DA:37,22
DA:52,22
DA:58,22
DA:67,14
DA:68,14
DA:73,10
DA:80,4
DA:81,1
DA:82,3
DA:83,3
DA:85,0
DA:87,4
DA:97,3
DA:98,3
DA:99,3
DA:101,0
DA:102,0
DA:108,2
LF:27
LH:24
BRDA:20,0,0,24
BRDA:20,0,1,1
BRDA:22,1,0,1
BRDA:22,2,0,24
BRDA:22,2,1,1
BRDA:35,3,0,22
BRDA:35,3,1,22
BRDA:80,4,0,1
BRDA:80,4,1,3
BRDA:82,5,0,3
BRDA:82,5,1,0
BRF:11
BRH:10
end_of_record
